This is pdfTeX, Version 3.1415926-1.40.11 (MiKTeX 2.9) (preloaded format=latex 2012.1.31)  4 JUL 2012 18:59
entering extended mode
**Apunts_UOC_doc_mestre_06_C4.tex

("C:\Documents and Settings\Mamen\Mis documentos\My Dropbox\Materials en elabor
acio per assignatura ANALISI DE DADES D'ALT RENDIMENT\2.1.0 El proceso de anali
sis-c4\Apunts_UOC_doc_mestre_06_C4.tex"
LaTeX2e <2009/09/24>
Babel <v3.8l> and hyphenation patterns for english, afrikaans, ancientgreek, ar
abic, armenian, assamese, basque, bengali, bokmal, bulgarian, catalan, coptic, 
croatian, czech, danish, dutch, esperanto, estonian, farsi, finnish, french, ga
lician, german, german-x-2009-06-19, greek, gujarati, hindi, hungarian, iceland
ic, indonesian, interlingua, irish, italian, kannada, kurmanji, lao, latin, lat
vian, lithuanian, malayalam, marathi, mongolian, mongolianlmc, monogreek, ngerm
an, ngerman-x-2009-06-19, nynorsk, oriya, panjabi, pinyin, polish, portuguese, 
romanian, russian, sanskrit, serbian, slovak, slovenian, spanish, swedish, swis
sgerman, tamil, telugu, turkish, turkmen, ukenglish, ukrainian, uppersorbian, u
senglishmax, welsh, loaded.

("C:\Documents and Settings\Mamen\Mis documentos\My Dropbox\Materials en elabor
acio per assignatura ANALISI DE DADES D'ALT RENDIMENT\2.1.0 El proceso de anali
sis-c4\uoc-es.cls"
Document Class: uoc-es 2008/10/15 v2.1 UOC document class
("C:\Archivos de programa\MiKTeX 2.9\tex\latex\base\bk10.clo"
File: bk10.clo 2007/10/19 v1.4h Standard LaTeX file (size option)
)
\c@part=\count79
\c@chapter=\count80
\c@section=\count81
\c@subsection=\count82
\c@subsubsection=\count83
\c@paragraph=\count84
\c@subparagraph=\count85
\alttitol=\skip41
\fonstitol=\skip42
\tottitol=\skip43
\salt=\skip44
\titolcap=\box26
\Citautor=\box27
\c@profitem=\count86
\c@numobj=\count87
\c@nexemple=\count88
\c@nexempledos=\count89
\c@modul=\count90
\c@nexercici=\count91
\c@numpreg=\count92
\c@numresp=\count93
\c@npreg=\count94
\c@nref=\count95
\texte=\box28
\titol=\box29
\c@numres=\count96
File: atencio.eps 
\c@figure=\count97
\c@table=\count98
\abovecaptionskip=\skip45
\belowcaptionskip=\skip46
\bibindent=\dimen102
)
("C:\Documents and Settings\Mamen\Mis documentos\My Dropbox\Materials en elabor
acio per assignatura ANALISI DE DADES D'ALT RENDIMENT\2.1.0 El proceso de anali
sis-c4\estiluoc.sty"
Package: estiluoc 1999/04/23 v0 extensio

("C:\Archivos de programa\MiKTeX 2.9\tex\latex\base\ifthen.sty"
Package: ifthen 2001/05/26 v1.1c Standard LaTeX ifthen package (DPC)
)
("C:\Archivos de programa\MiKTeX 2.9\tex\latex\amsfonts\amssymb.sty"
Package: amssymb 2009/06/22 v3.00

("C:\Archivos de programa\MiKTeX 2.9\tex\latex\amsfonts\amsfonts.sty"
Package: amsfonts 2009/06/22 v3.00 Basic AMSFonts support
\@emptytoks=\toks14
\symAMSa=\mathgroup4
\symAMSb=\mathgroup5
LaTeX Font Info:    Overwriting math alphabet `\mathfrak' in version `bold'
(Font)                  U/euf/m/n --> U/euf/b/n on input line 96.
))
("C:\Archivos de programa\MiKTeX 2.9\tex\latex\graphics\graphicx.sty"
Package: graphicx 1999/02/16 v1.0f Enhanced LaTeX Graphics (DPC,SPQR)

("C:\Archivos de programa\MiKTeX 2.9\tex\latex\graphics\keyval.sty"
Package: keyval 1999/03/16 v1.13 key=value parser (DPC)
\KV@toks@=\toks15
)
("C:\Archivos de programa\MiKTeX 2.9\tex\latex\graphics\graphics.sty"
Package: graphics 2009/02/05 v1.0o Standard LaTeX Graphics (DPC,SPQR)

("C:\Archivos de programa\MiKTeX 2.9\tex\latex\graphics\trig.sty"
Package: trig 1999/03/16 v1.09 sin cos tan (DPC)
)
("C:\Archivos de programa\MiKTeX 2.9\tex\latex\00miktex\graphics.cfg"
File: graphics.cfg 2007/01/18 v1.5 graphics configuration of teTeX/TeXLive
)
Package graphics Info: Driver file: dvips.def on input line 91.

("C:\Archivos de programa\MiKTeX 2.9\tex\latex\graphics\dvips.def"
File: dvips.def 1999/02/16 v3.0i Driver-dependant file (DPC,SPQR)
))
\Gin@req@height=\dimen103
\Gin@req@width=\dimen104
)
("C:\Documents and Settings\Mamen\Datos de programa\MiKTeX\2.9\tex\latex\subfig
ure\subfigure.sty"
Package: subfigure 2002/07/30 v2.1.4 subfigure package
\subfigtopskip=\skip47
\subfigcapskip=\skip48
\subfigcaptopadj=\dimen105
\subfigbottomskip=\skip49
\subfigcapmargin=\dimen106
\subfiglabelskip=\skip50
\c@subfigure=\count99
\c@lofdepth=\count100
\c@subtable=\count101
\c@lotdepth=\count102

****************************************
* Local config file subfigure.cfg used *
****************************************

("C:\Documents and Settings\Mamen\Datos de programa\MiKTeX\2.9\tex\latex\subfig
ure\subfigure.cfg")
\subfig@top=\skip51
\subfig@bottom=\skip52
)
("C:\Archivos de programa\MiKTeX 2.9\tex\latex\ams\math\amsmath.sty"
Package: amsmath 2000/07/18 v2.13 AMS math features
\@mathmargin=\skip53

For additional information on amsmath, use the `?' option.
("C:\Archivos de programa\MiKTeX 2.9\tex\latex\ams\math\amstext.sty"
Package: amstext 2000/06/29 v2.01

("C:\Archivos de programa\MiKTeX 2.9\tex\latex\ams\math\amsgen.sty"
File: amsgen.sty 1999/11/30 v2.0
\@emptytoks=\toks16
\ex@=\dimen107
))
("C:\Archivos de programa\MiKTeX 2.9\tex\latex\ams\math\amsbsy.sty"
Package: amsbsy 1999/11/29 v1.2d
\pmbraise@=\dimen108
)
("C:\Archivos de programa\MiKTeX 2.9\tex\latex\ams\math\amsopn.sty"
Package: amsopn 1999/12/14 v2.01 operator names
)
\inf@bad=\count103
LaTeX Info: Redefining \frac on input line 211.
\uproot@=\count104
\leftroot@=\count105
LaTeX Info: Redefining \overline on input line 307.
\classnum@=\count106
\DOTSCASE@=\count107
LaTeX Info: Redefining \ldots on input line 379.
LaTeX Info: Redefining \dots on input line 382.
LaTeX Info: Redefining \cdots on input line 467.
\Mathstrutbox@=\box30
\strutbox@=\box31
\big@size=\dimen109
LaTeX Font Info:    Redeclaring font encoding OML on input line 567.
LaTeX Font Info:    Redeclaring font encoding OMS on input line 568.
\macc@depth=\count108
\c@MaxMatrixCols=\count109
\dotsspace@=\muskip10
\c@parentequation=\count110
\dspbrk@lvl=\count111
\tag@help=\toks17
\row@=\count112
\column@=\count113
\maxfields@=\count114
\andhelp@=\toks18
\eqnshift@=\dimen110
\alignsep@=\dimen111
\tagshift@=\dimen112
\tagwidth@=\dimen113
\totwidth@=\dimen114
\lineht@=\dimen115
\@envbody=\toks19
\multlinegap=\skip54
\multlinetaggap=\skip55
\mathdisplay@stack=\toks20
LaTeX Info: Redefining \[ on input line 2666.
LaTeX Info: Redefining \] on input line 2667.
)
("C:\Documents and Settings\Mamen\Mis documentos\My Dropbox\Materials en elabor
acio per assignatura ANALISI DE DADES D'ALT RENDIMENT\2.1.0 El proceso de anali
sis-c4\programa.sty"
\@gtempa=\dimen116
\@gtempa=\dimen117
\@gtempa=\dimen118
\@gtempa=\dimen119
\@gtempa=\dimen120
\@gtempa=\dimen121
\@gtempa=\dimen122
\@gtempa=\dimen123
\@gtempa=\dimen124
\@gtempa=\dimen125
\@gtempa=\dimen126
\@gtempa=\dimen127
\@gtempa=\dimen128
\@gtempa=\dimen129
\@gtempa=\dimen130
\@gtempa=\dimen131
\@gtempa=\dimen132
\@gtempa=\dimen133
\@gtempa=\dimen134
\@gtempa=\dimen135
\@gtempa=\dimen136
\@gtempa=\dimen137
\@gtempa=\dimen138
\@gtempa=\dimen139
\@gtempa=\dimen140
\@gtempa=\dimen141
\@gtempa=\dimen142
\@gtempa=\dimen143
\@gtempa=\dimen144
\@gtempa=\dimen145
\@gtempa=\dimen146
\@gtempa=\dimen147
\@gtempa=\dimen148
\@gtempa=\dimen149
\@gtempa=\dimen150
\@gtempa=\dimen151
\@gtempa=\dimen152
\@gtempa=\dimen153
\@gtempa=\dimen154
\@gtempa=\dimen155
\@gtempa=\dimen156
\@gtempa=\dimen157
\@gtempa=\dimen158
\@gtempa=\dimen159
\@gtempa=\dimen160
\@gtempa=\dimen161
\@gtempa=\dimen162
\@gtempa=\dimen163
\@gtempa=\dimen164
\@gtempa=\dimen165
\c@programline=\count115
\amplaline=\skip56
\old@nxttabmar=\count116
\symeulerletters=\mathgroup6
\powersetbox=\box32
LaTeX Font Info:    Try loading font information for U+msa on input line 848.

("C:\Archivos de programa\MiKTeX 2.9\tex\latex\amsfonts\umsa.fd"
File: umsa.fd 2009/06/22 v3.00 AMS symbols A
)
LaTeX Font Info:    Try loading font information for U+msb on input line 848.

("C:\Archivos de programa\MiKTeX 2.9\tex\latex\amsfonts\umsb.fd"
File: umsb.fd 2009/06/22 v3.00 AMS symbols B
)
LaTeX Font Info:    Try loading font information for U+eur on input line 848.

("C:\Archivos de programa\MiKTeX 2.9\tex\latex\amsfonts\ueur.fd"
File: ueur.fd 2009/06/22 v3.00 Euler Roman
))
("C:\Archivos de programa\MiKTeX 2.9\tex\latex\graphics\color.sty"
Package: color 2005/11/14 v1.0j Standard LaTeX Color (DPC)

("C:\Archivos de programa\MiKTeX 2.9\tex\latex\00miktex\color.cfg"
File: color.cfg 2007/01/18 v1.5 color configuration of teTeX/TeXLive
)
Package color Info: Driver file: dvips.def on input line 130.

("C:\Archivos de programa\MiKTeX 2.9\tex\latex\graphics\dvipsnam.def"
File: dvipsnam.def 1999/02/16 v3.0i Driver-dependant file (DPC,SPQR)
))
("C:\Documents and Settings\Mamen\Datos de programa\MiKTeX\2.9\tex\latex\colort
bl\colortbl.sty"
Package: colortbl 2001/02/13 v0.1j Color table columns (DPC)
 ("C:\Archivos de programa\MiKTeX 2.9\tex\latex\tools\array.sty"
Package: array 2008/09/09 v2.4c Tabular extension package (FMi)
\col@sep=\dimen166
\extrarowheight=\dimen167
\NC@list=\toks21
\extratabsurround=\skip57
\backup@length=\skip58
)
\everycr=\toks22
\minrowclearance=\skip59
)
\c@teorema=\count117
\c@definicio=\count118
\c@propietat=\count119
\c@proposicio=\count120
\c@protocol=\count121
\c@algorisme=\count122
\c@problema=\count123
\c@rema=\count124
\c@cs=\count125
\c@sref=\count126
\c@tref=\count127
) ("C:\Archivos de programa\MiKTeX 2.9\tex\latex\hyperref\hyperref.sty"
Package: hyperref 2010/12/16 v6.81z Hypertext links for LaTeX

("C:\Archivos de programa\MiKTeX 2.9\tex\generic\oberdiek\ltxcmds.sty"
Package: ltxcmds 2010/04/26 v1.7 LaTeX kernel commands for general use (HO)
)
("C:\Archivos de programa\MiKTeX 2.9\tex\generic\oberdiek\ifpdf.sty"
Package: ifpdf 2010/01/28 v2.1 Provides the ifpdf switch (HO)
Package ifpdf Info: pdfTeX in pdf mode not detected.
)
("C:\Archivos de programa\MiKTeX 2.9\tex\generic\oberdiek\pdftexcmds.sty"
Package: pdftexcmds 2010/04/01 v0.9 Utility functions of pdfTeX for LuaTeX (HO)


("C:\Archivos de programa\MiKTeX 2.9\tex\generic\oberdiek\infwarerr.sty"
Package: infwarerr 2010/04/08 v1.3 Providing info/warning/message (HO)
)
("C:\Archivos de programa\MiKTeX 2.9\tex\generic\oberdiek\ifluatex.sty"
Package: ifluatex 2010/03/01 v1.3 Provides the ifluatex switch (HO)
Package ifluatex Info: LuaTeX not detected.
)
Package pdftexcmds Info: LuaTeX not detected.
Package pdftexcmds Info: \pdf@primitive is available.
Package pdftexcmds Info: \pdf@ifprimitive is available.
)
("C:\Archivos de programa\MiKTeX 2.9\tex\generic\oberdiek\kvsetkeys.sty"
Package: kvsetkeys 2010/03/01 v1.9 Key value parser (HO)

("C:\Archivos de programa\MiKTeX 2.9\tex\generic\oberdiek\etexcmds.sty"
Package: etexcmds 2010/01/28 v1.3 Prefix for e-TeX command names (HO)
Package etexcmds Info: Could not find \expanded.
(etexcmds)             That can mean that you are not using pdfTeX 1.50 or
(etexcmds)             that some package has redefined \expanded.
(etexcmds)             In the latter case, load this package earlier.
))
("C:\Archivos de programa\MiKTeX 2.9\tex\generic\oberdiek\pdfescape.sty"
Package: pdfescape 2010/03/01 v1.9 Provides hex, PDF name and string conversion
s (HO)
)
("C:\Archivos de programa\MiKTeX 2.9\tex\generic\oberdiek\ifvtex.sty"
Package: ifvtex 2010/03/01 v1.5 Switches for detecting VTeX and its modes (HO)
Package ifvtex Info: VTeX not detected.
)
("C:\Archivos de programa\MiKTeX 2.9\tex\generic\ifxetex\ifxetex.sty"
Package: ifxetex 2010/09/12 v0.6 Provides ifxetex conditional
)
("C:\Archivos de programa\MiKTeX 2.9\tex\latex\oberdiek\hycolor.sty"
Package: hycolor 2009/12/12 v1.6 Color options of hyperref/bookmark (HO)

("C:\Archivos de programa\MiKTeX 2.9\tex\latex\oberdiek\xcolor-patch.sty"
Package: xcolor-patch 2009/12/12 xcolor patch
))
("C:\Archivos de programa\MiKTeX 2.9\tex\latex\oberdiek\letltxmacro.sty"
Package: letltxmacro 2008/06/24 v1.3 Let assignment for LaTeX macros (HO)
)
("C:\Archivos de programa\MiKTeX 2.9\tex\latex\oberdiek\kvoptions.sty"
Package: kvoptions 2010/02/22 v3.7 Keyval support for LaTeX options (HO)
)
\@linkdim=\dimen168
\Hy@linkcounter=\count128
\Hy@pagecounter=\count129

("C:\Archivos de programa\MiKTeX 2.9\tex\latex\hyperref\pd1enc.def"
File: pd1enc.def 2010/12/16 v6.81z Hyperref: PDFDocEncoding definition (HO)
)
("C:\Archivos de programa\MiKTeX 2.9\tex\generic\oberdiek\intcalc.sty"
Package: intcalc 2007/09/27 v1.1 Expandable integer calculations (HO)
)
\Hy@SavedSpaceFactor=\count130

("C:\Archivos de programa\MiKTeX 2.9\tex\latex\00miktex\hyperref.cfg"
File: hyperref.cfg 2002/06/06 v1.2 hyperref configuration of TeXLive
)
Package hyperref Info: Hyper figures OFF on input line 3993.
Package hyperref Info: Link nesting OFF on input line 3998.
Package hyperref Info: Hyper index ON on input line 4001.
Package hyperref Info: Plain pages OFF on input line 4008.
Package hyperref Info: Backreferencing OFF on input line 4013.
Package hyperref Info: Implicit mode ON; LaTeX internals redefined.
Package hyperref Info: Bookmarks ON on input line 4231.
\c@Hy@tempcnt=\count131

("C:\Archivos de programa\MiKTeX 2.9\tex\latex\ltxmisc\url.sty"
\Urlmuskip=\muskip11
Package: url 2006/04/12  ver 3.3  Verb mode for urls, etc.
)
LaTeX Info: Redefining \url on input line 4584.

("C:\Archivos de programa\MiKTeX 2.9\tex\generic\oberdiek\bitset.sty"
Package: bitset 2007/09/28 v1.0 Data type bit set (HO)

("C:\Archivos de programa\MiKTeX 2.9\tex\generic\oberdiek\bigintcalc.sty"
Package: bigintcalc 2007/11/11 v1.1 Expandable big integer calculations (HO)
))
\Fld@menulength=\count132
\Field@Width=\dimen169
\Fld@charsize=\dimen170
Package hyperref Info: Hyper figures OFF on input line 5668.
Package hyperref Info: Link nesting OFF on input line 5673.
Package hyperref Info: Hyper index ON on input line 5676.
Package hyperref Info: backreferencing OFF on input line 5683.
Package hyperref Info: Link coloring OFF on input line 5688.
Package hyperref Info: Link coloring with OCG OFF on input line 5693.
Package hyperref Info: PDF/A mode OFF on input line 5698.
LaTeX Info: Redefining \ref on input line 5738.
LaTeX Info: Redefining \pageref on input line 5742.

("C:\Archivos de programa\MiKTeX 2.9\tex\generic\oberdiek\atbegshi.sty"
Package: atbegshi 2010/03/25 v1.12 At begin shipout hook (HO)
)
\Hy@abspage=\count133
\c@Item=\count134
\c@Hfootnote=\count135
)

Package hyperref Message: Driver (default): hdvips.

("C:\Archivos de programa\MiKTeX 2.9\tex\latex\hyperref\hdvips.def"
File: hdvips.def 2010/12/16 v6.81z Hyperref driver for dvips

("C:\Archivos de programa\MiKTeX 2.9\tex\latex\hyperref\pdfmark.def"
File: pdfmark.def 2010/12/16 v6.81z Hyperref definitions for pdfmark specials
\pdf@docset=\toks23
\pdf@box=\box33
\pdf@toks=\toks24
\pdf@defaulttoks=\toks25
\Fld@listcount=\count136
\c@bookmark@seq@number=\count137

("C:\Archivos de programa\MiKTeX 2.9\tex\latex\oberdiek\rerunfilecheck.sty"
Package: rerunfilecheck 2010/03/16 v1.6 Rerun checks for auxiliary files (HO)

("C:\Archivos de programa\MiKTeX 2.9\tex\latex\oberdiek\atveryend.sty"
Package: atveryend 2010/03/24 v1.5 Hooks at very end of document (HO)
Package atveryend Info: \enddocument detected (standard).
)
("C:\Archivos de programa\MiKTeX 2.9\tex\generic\oberdiek\uniquecounter.sty"
Package: uniquecounter 2009/12/18 v1.1 Provides unlimited unique counter (HO)
)
Package uniquecounter Info: New unique counter `rerunfilecheck' on input line 2
71.
)
\Hy@SectionHShift=\skip60
))
("C:\Documents and Settings\Mamen\Mis documentos\My Dropbox\Materials en elabor
acio per assignatura ANALISI DE DADES D'ALT RENDIMENT\2.1.0 El proceso de anali
sis-c4\Sweave.sty"
("C:\Archivos de programa\MiKTeX 2.9\tex\latex\base\fontenc.sty"
Package: fontenc 2005/09/27 v1.99g Standard LaTeX package

("C:\Archivos de programa\MiKTeX 2.9\tex\latex\base\t1enc.def"
File: t1enc.def 2005/09/27 v1.99g Standard LaTeX file
LaTeX Font Info:    Redeclaring font encoding T1 on input line 43.
))
("C:\Archivos de programa\MiKTeX 2.9\tex\latex\ae\ae.sty"
Package: ae 2001/02/12 1.3 Almost European Computer Modern

("C:\Archivos de programa\MiKTeX 2.9\tex\latex\base\fontenc.sty"
Package: fontenc 2005/09/27 v1.99g Standard LaTeX package

("C:\Archivos de programa\MiKTeX 2.9\tex\latex\base\t1enc.def"
File: t1enc.def 2005/09/27 v1.99g Standard LaTeX file
LaTeX Font Info:    Redeclaring font encoding T1 on input line 43.
)
LaTeX Font Info:    Try loading font information for T1+aer on input line 100.

("C:\Archivos de programa\MiKTeX 2.9\tex\latex\ae\t1aer.fd"
File: t1aer.fd 1997/11/16 Font definitions for T1/aer.
)))
("C:\Documents and Settings\Mamen\Datos de programa\MiKTeX\2.9\tex\latex\fancyv
rb\fancyvrb.sty"
Package: fancyvrb 2008/02/07

Style option: `fancyvrb' v2.7a, with DG/SPQR fixes, and firstline=lastline fix 
<2008/02/07> (tvz)
\FV@CodeLineNo=\count138
\FV@InFile=\read1
\FV@TabBox=\box34
\c@FancyVerbLine=\count139
\FV@StepNumber=\count140
\FV@OutFile=\write3
)
("C:\Documents and Settings\Mamen\Datos de programa\MiKTeX\2.9\tex\latex\upquot
e\upquote.sty"
Package: upquote 2003/08/11 v1.1 Covington's upright-quote modification to verb
atim and verb
 ("C:\Archivos de programa\MiKTeX 2.9\tex\latex\base\textcomp.sty"
Package: textcomp 2005/09/27 v1.99g Standard LaTeX package
Package textcomp Info: Sub-encoding information:
(textcomp)               5 = only ISO-Adobe without \textcurrency
(textcomp)               4 = 5 + \texteuro
(textcomp)               3 = 4 + \textohm
(textcomp)               2 = 3 + \textestimated + \textcurrency
(textcomp)               1 = TS1 - \textcircled - \t
(textcomp)               0 = TS1 (full)
(textcomp)             Font families with sub-encoding setting implement
(textcomp)             only a restricted character set as indicated.
(textcomp)             Family '?' is the default used for unknown fonts.
(textcomp)             See the documentation for details.
Package textcomp Info: Setting ? sub-encoding to TS1/1 on input line 71.
 ("C:\Archivos de programa\MiKTeX 2.9\tex\latex\base\ts1enc.def"
File: ts1enc.def 2001/06/05 v3.0e (jk/car/fm) Standard LaTeX file
)
LaTeX Info: Redefining \oldstylenums on input line 266.
Package textcomp Info: Setting cmr sub-encoding to TS1/0 on input line 281.
Package textcomp Info: Setting cmss sub-encoding to TS1/0 on input line 282.
Package textcomp Info: Setting cmtt sub-encoding to TS1/0 on input line 283.
Package textcomp Info: Setting cmvtt sub-encoding to TS1/0 on input line 284.
Package textcomp Info: Setting cmbr sub-encoding to TS1/0 on input line 285.
Package textcomp Info: Setting cmtl sub-encoding to TS1/0 on input line 286.
Package textcomp Info: Setting ccr sub-encoding to TS1/0 on input line 287.
Package textcomp Info: Setting ptm sub-encoding to TS1/4 on input line 288.
Package textcomp Info: Setting pcr sub-encoding to TS1/4 on input line 289.
Package textcomp Info: Setting phv sub-encoding to TS1/4 on input line 290.
Package textcomp Info: Setting ppl sub-encoding to TS1/3 on input line 291.
Package textcomp Info: Setting pag sub-encoding to TS1/4 on input line 292.
Package textcomp Info: Setting pbk sub-encoding to TS1/4 on input line 293.
Package textcomp Info: Setting pnc sub-encoding to TS1/4 on input line 294.
Package textcomp Info: Setting pzc sub-encoding to TS1/4 on input line 295.
Package textcomp Info: Setting bch sub-encoding to TS1/4 on input line 296.
Package textcomp Info: Setting put sub-encoding to TS1/5 on input line 297.
Package textcomp Info: Setting uag sub-encoding to TS1/5 on input line 298.
Package textcomp Info: Setting ugq sub-encoding to TS1/5 on input line 299.
Package textcomp Info: Setting ul8 sub-encoding to TS1/4 on input line 300.
Package textcomp Info: Setting ul9 sub-encoding to TS1/4 on input line 301.
Package textcomp Info: Setting augie sub-encoding to TS1/5 on input line 302.
Package textcomp Info: Setting dayrom sub-encoding to TS1/3 on input line 303.
Package textcomp Info: Setting dayroms sub-encoding to TS1/3 on input line 304.

Package textcomp Info: Setting pxr sub-encoding to TS1/0 on input line 305.
Package textcomp Info: Setting pxss sub-encoding to TS1/0 on input line 306.
Package textcomp Info: Setting pxtt sub-encoding to TS1/0 on input line 307.
Package textcomp Info: Setting txr sub-encoding to TS1/0 on input line 308.
Package textcomp Info: Setting txss sub-encoding to TS1/0 on input line 309.
Package textcomp Info: Setting txtt sub-encoding to TS1/0 on input line 310.
Package textcomp Info: Setting futs sub-encoding to TS1/4 on input line 311.
Package textcomp Info: Setting futx sub-encoding to TS1/4 on input line 312.
Package textcomp Info: Setting futj sub-encoding to TS1/4 on input line 313.
Package textcomp Info: Setting hlh sub-encoding to TS1/3 on input line 314.
Package textcomp Info: Setting hls sub-encoding to TS1/3 on input line 315.
Package textcomp Info: Setting hlst sub-encoding to TS1/3 on input line 316.
Package textcomp Info: Setting hlct sub-encoding to TS1/5 on input line 317.
Package textcomp Info: Setting hlx sub-encoding to TS1/5 on input line 318.
Package textcomp Info: Setting hlce sub-encoding to TS1/5 on input line 319.
Package textcomp Info: Setting hlcn sub-encoding to TS1/5 on input line 320.
Package textcomp Info: Setting hlcw sub-encoding to TS1/5 on input line 321.
Package textcomp Info: Setting hlcf sub-encoding to TS1/5 on input line 322.
Package textcomp Info: Setting pplx sub-encoding to TS1/3 on input line 323.
Package textcomp Info: Setting pplj sub-encoding to TS1/3 on input line 324.
Package textcomp Info: Setting ptmx sub-encoding to TS1/4 on input line 325.
Package textcomp Info: Setting ptmj sub-encoding to TS1/4 on input line 326.
)))
("C:\Documents and Settings\Mamen\Datos de programa\MiKTeX\2.9\tex\latex\supert
abular\supertabular.sty"
Package: supertabular 2004/02/20 v4.1e the supertabular environment
\c@tracingst=\count141
\ST@wd=\dimen171
\ST@rightskip=\skip61
\ST@leftskip=\skip62
\ST@parfillskip=\skip63
\ST@pageleft=\dimen172
\ST@headht=\dimen173
\ST@tailht=\dimen174
\ST@pagesofar=\dimen175
\ST@pboxht=\dimen176
\ST@lineht=\dimen177
\ST@stretchht=\dimen178
\ST@prevht=\dimen179
\ST@toadd=\dimen180
\ST@dimen=\dimen181
\ST@pbox=\box35
)
("C:\Documents and Settings\Mamen\Datos de programa\MiKTeX\2.9\tex\latex\unders
core\underscore.sty"
Package: underscore 2006/09/13
LaTeX Info: Redefining \_ on input line 42.
)
\c@MiEnum=\count142

("C:\Documents and Settings\Mamen\Mis documentos\My Dropbox\Materials en elabor
acio per assignatura ANALISI DE DADES D'ALT RENDIMENT\2.1.0 El proceso de anali
sis-c4\Apunts_UOC_doc_mestre_06_C4.aux"
No file capitulo0.aux.
No file capitulo1.aux.
No file capitulo2.aux.
No file capitulo3.aux.
No file casoResuelto1.aux.

("C:\Documents and Settings\Mamen\Mis documentos\My Dropbox\Materials en elabor
acio per assignatura ANALISI DE DADES D'ALT RENDIMENT\2.1.0 El proceso de anali
sis-c4\capitulo4.aux")
No file capitulo5.aux.
No file capitulo6.aux.
No file capituloBioconductor.aux.
No file casoResuelto2.aux.
No file capitulo7.aux.
No file casoResuelto3.aux.

("C:\Documents and Settings\Mamen\Mis documentos\My Dropbox\Materials en elabor
acio per assignatura ANALISI DE DADES D'ALT RENDIMENT\2.1.0 El proceso de anali
sis-c4\capituloFinal.aux"))
LaTeX Font Info:    Checking defaults for OML/cmm/m/it on input line 66.
LaTeX Font Info:    ... okay on input line 66.
LaTeX Font Info:    Checking defaults for T1/cmr/m/n on input line 66.
LaTeX Font Info:    ... okay on input line 66.
LaTeX Font Info:    Checking defaults for OT1/cmr/m/n on input line 66.
LaTeX Font Info:    ... okay on input line 66.
LaTeX Font Info:    Checking defaults for OMS/cmsy/m/n on input line 66.
LaTeX Font Info:    ... okay on input line 66.
LaTeX Font Info:    Checking defaults for OMX/cmex/m/n on input line 66.
LaTeX Font Info:    ... okay on input line 66.
LaTeX Font Info:    Checking defaults for U/cmr/m/n on input line 66.
LaTeX Font Info:    ... okay on input line 66.
LaTeX Font Info:    Checking defaults for PD1/pdf/m/n on input line 66.
LaTeX Font Info:    ... okay on input line 66.
LaTeX Font Info:    Checking defaults for TS1/cmr/m/n on input line 66.
LaTeX Font Info:    Try loading font information for TS1+cmr on input line 66.

("C:\Archivos de programa\MiKTeX 2.9\tex\latex\base\ts1cmr.fd"
File: ts1cmr.fd 1999/05/25 v2.5h Standard LaTeX font definitions
)
LaTeX Font Info:    ... okay on input line 66.
\AtBeginShipoutBox=\box36
Package hyperref Info: Link coloring OFF on input line 66.

("C:\Archivos de programa\MiKTeX 2.9\tex\latex\hyperref\nameref.sty"
Package: nameref 2010/04/30 v2.40 Cross-referencing by name of section

("C:\Archivos de programa\MiKTeX 2.9\tex\latex\oberdiek\refcount.sty"
Package: refcount 2008/08/11 v3.1 Data extraction from references (HO)
)
("C:\Archivos de programa\MiKTeX 2.9\tex\generic\oberdiek\gettitlestring.sty"
Package: gettitlestring 2009/12/18 v1.3 Cleanup title references (HO)
)
\c@section@level=\count143
)
LaTeX Info: Redefining \ref on input line 66.
LaTeX Info: Redefining \pageref on input line 66.
LaTeX Info: Redefining \nameref on input line 66.

("C:\Documents and Settings\Mamen\Mis documentos\My Dropbox\Materials en elabor
acio per assignatura ANALISI DE DADES D'ALT RENDIMENT\2.1.0 El proceso de anali
sis-c4\Apunts_UOC_doc_mestre_06_C4.out")
("C:\Documents and Settings\Mamen\Mis documentos\My Dropbox\Materials en elabor
acio per assignatura ANALISI DE DADES D'ALT RENDIMENT\2.1.0 El proceso de anali
sis-c4\Apunts_UOC_doc_mestre_06_C4.out")
\@outlinefile=\write4
LaTeX Font Info:    Calculating math sizes for size <14> on input line 70.
LaTeX Font Info:    Try loading font information for T1+aett on input line 70.

("C:\Archivos de programa\MiKTeX 2.9\tex\latex\ae\t1aett.fd"
File: t1aett.fd 1997/11/16 Font definitions for T1/aett.
)
LaTeX Font Info:    Calculating math sizes for size <9.5> on input line 70.


LaTeX Font Warning: Font shape `OT1/cmr/m/n' in size <9.5> not available
(Font)              size <9> substituted on input line 70.


LaTeX Font Warning: Font shape `OML/cmm/m/it' in size <9.5> not available
(Font)              size <9> substituted on input line 70.


LaTeX Font Warning: Font shape `OMS/cmsy/m/n' in size <9.5> not available
(Font)              size <9> substituted on input line 70.


Overfull \hbox (142.26378pt too wide) in paragraph at lines 70--70
[][]$[]$ 
 []

[1

] [2]
("C:\Documents and Settings\Mamen\Mis documentos\My Dropbox\Materials en elabor
acio per assignatura ANALISI DE DADES D'ALT RENDIMENT\2.1.0 El proceso de anali
sis-c4\Apunts_UOC_doc_mestre_06_C4.toc")
\tf@toc=\write5
LaTeX Font Info:    Try loading font information for TS1+aer on input line 78.
LaTeX Font Info:    No file TS1aer.fd. on input line 78.


LaTeX Font Warning: Font shape `TS1/aer/m/n' undefined
(Font)              using `TS1/cmr/m/n' instead
(Font)              for symbol `textcopyright' on input line 78.

LaTeX Font Info:    Try loading font information for T1+aess on input line 78.
("C:\Archivos de programa\MiKTeX 2.9\tex\latex\ae\t1aess.fd"
File: t1aess.fd 1997/11/16 Font definitions for T1/aess.
)
Overfull \hbox (142.26376pt too wide) has occurred while \output is active
[] [][][]
 []

[2] [3

]
("C:\Documents and Settings\Mamen\Mis documentos\My Dropbox\Materials en elabor
acio per assignatura ANALISI DE DADES D'ALT RENDIMENT\2.1.0 El proceso de anali
sis-c4\capitulo4.tex" [4







]
 1.

Underfull \hbox (badness 10000) in paragraph at lines 5--5

 []


Overfull \hbox (9.5669pt too wide) in paragraph at lines 11--12
[][]\T1/aer/m/n/9.5 Su ob-je-tivo por tanto es ofre-cer una visión \T1/aer/m/it
/9.5 de con-junto \T1/aer/m/n/9.5 que sirva de guía (``roadmap'')
 []


LaTeX Warning: Citation `Golub:1977' on page 5 undefined on input line 17.


Overfull \hbox (142.26376pt too wide) has occurred while \output is active
[] [][][]
 []

[5

]
Overfull \hbox (142.26376pt too wide) has occurred while \output is active
[] [][][]
 []

[6]
Overfull \hbox (7.19037pt too wide) in paragraph at lines 73--74
[][]$[]$ 
 []


Overfull \hbox (142.26376pt too wide) has occurred while \output is active
[] [][][]
 []

[7]
Overfull \hbox (74.9046pt too wide) in paragraph at lines 84--85
[][]$[]$ 
 []


Overfull \hbox (142.26376pt too wide) has occurred while \output is active
[] [][][]
 []

[8]
Overfull \hbox (28.29854pt too wide) in paragraph at lines 104--105
[][]$[]$ 
 []


Overfull \hbox (224.82195pt too wide) in paragraph at lines 111--113
\T1/aer/m/n/9.5 Gene Ex-pres-sion Om-nibus (GEO) se-rie GSE1561 en el sigu-ient
e en-lace [][][][] 
 []


Overfull \hbox (54.06349pt too wide) in paragraph at lines 120--130
[][][]
 []


Overfull \hbox (142.26376pt too wide) has occurred while \output is active
[] [][][]
 []

[9]

LaTeX Font Warning: Font shape `TS1/aer/m/n' in size <9.5> not available
(Font)              size <9> substituted on input line 139.


Overfull \hbox (60.50154pt too wide) in paragraph at lines 151--151
[][][]
 []


Overfull \hbox (67.43735pt too wide) in paragraph at lines 151--151
[][] 
 []

File: epsimages/c04analysisProcess.eps Graphic file (type eps)
<epsimages/c04analysisProcess.eps>

LaTeX Warning: `!h' float specifier changed to `!ht'.


Overfull \hbox (142.26376pt too wide) has occurred while \output is active
[] [][][]
 []

[10]
File: epsimages/c04preferredAnalysisMethods.eps Graphic file (type eps)
 <epsimages/c04preferredAnalysisMethods.eps>

LaTeX Warning: Reference `chap:03' on page 11 undefined on input line 190.


Overfull \hbox (142.26376pt too wide) has occurred while \output is active
[] [][][]
 []

[11])
Overfull \hbox (142.26376pt too wide) has occurred while \output is active
[] [][][]
 []

[12]
("C:\Documents and Settings\Mamen\Mis documentos\My Dropbox\Materials en elabor
acio per assignatura ANALISI DE DADES D'ALT RENDIMENT\2.1.0 El proceso de anali
sis-c4\capituloFinal.tex"

Package hyperref Warning: bookmark level for unknown previs defaults to 0.


("C:\Documents and Settings\Mamen\Mis documentos\My Dropbox\Materials en elabor
acio per assignatura ANALISI DE DADES D'ALT RENDIMENT\2.1.0 El proceso de anali
sis-c4\Apunts_UOC_doc_mestre_06_C4.bbl"
Overfull \hbox (142.26376pt too wide) has occurred while \output is active
[] [][][]
 []

[13








]
Underfull \hbox (badness 10000) in paragraph at lines 1--1

 []


Overfull \hbox (142.26376pt too wide) has occurred while \output is active
[] [][][]
 []

[14

]))
Overfull \hbox (142.26376pt too wide) has occurred while \output is active
[] [][][]
 []

[15]
Package atveryend Info: Empty hook `BeforeClearDocument' on input line 104.
Package atveryend Info: Empty hook `AfterLastShipout' on input line 104.

("C:\Documents and Settings\Mamen\Mis documentos\My Dropbox\Materials en elabor
acio per assignatura ANALISI DE DADES D'ALT RENDIMENT\2.1.0 El proceso de anali
sis-c4\Apunts_UOC_doc_mestre_06_C4.aux"
No file capitulo0.aux.
No file capitulo1.aux.
No file capitulo2.aux.
No file capitulo3.aux.
No file casoResuelto1.aux.

("C:\Documents and Settings\Mamen\Mis documentos\My Dropbox\Materials en elabor
acio per assignatura ANALISI DE DADES D'ALT RENDIMENT\2.1.0 El proceso de anali
sis-c4\capitulo4.aux")
No file capitulo5.aux.
No file capitulo6.aux.
No file capituloBioconductor.aux.
No file casoResuelto2.aux.
No file capitulo7.aux.
No file casoResuelto3.aux.

("C:\Documents and Settings\Mamen\Mis documentos\My Dropbox\Materials en elabor
acio per assignatura ANALISI DE DADES D'ALT RENDIMENT\2.1.0 El proceso de anali
sis-c4\capituloFinal.aux"))
Package atveryend Info: Executing hook `AtVeryEndDocument' on input line 104.
Package rerunfilecheck Info: File `Apunts_UOC_doc_mestre_06_C4.out' has not cha
nged.
(rerunfilecheck)             Checksum: A72C70AA90465B83C43C7D4C7F517AD5;1498.


LaTeX Font Warning: Size substitutions with differences
(Font)              up to 0.5pt have occurred.


LaTeX Font Warning: Some font shapes were not available, defaults substituted.


LaTeX Warning: There were undefined references.

 ) 
Here is how much of TeX's memory you used:
 7641 strings out of 494054
 114258 string characters out of 3145748
 191082 words of memory out of 3000000
 10713 multiletter control sequences out of 15000+200000
 50688 words of font info for 90 fonts, out of 3000000 for 9000
 715 hyphenation exceptions out of 8191
 41i,11n,33p,865b,417s stack positions out of 5000i,500n,10000p,200000b,50000s

Output written on Apunts_UOC_doc_mestre_06_C4.dvi (16 pages, 82208 bytes).
